<?xml version="1.0" encoding="UTF-8"?>
<coverage generated="1524596296774" clover="3.2.0">
  <project timestamp="1524596296774" name="All files">
    <metrics statements="11" coveredstatements="10" conditionals="0" coveredconditionals="0" methods="6" coveredmethods="5" elements="17" coveredelements="15" complexity="0" loc="11" ncloc="11" packages="1" files="2" classes="2">
      <file name="search.jsx" path="C:\Users\juan.taborda\Documents\FEM\React\react-intro\src\search.jsx">
        <metrics statements="6" coveredstatements="6" conditionals="0" coveredconditionals="0" methods="5" coveredmethods="5"/>
        <line num="7" count="1" type="stmt"/>
        <line num="20" count="1" type="stmt"/>
        <line num="24" count="60" type="stmt"/>
        <line num="29" count="4" type="stmt"/>
        <line num="43" count="60" type="stmt"/>
        <line num="46" count="47" type="stmt"/>
      </file>
      <file name="show-card.jsx" path="C:\Users\juan.taborda\Documents\FEM\React\react-intro\src\show-card.jsx">
        <metrics statements="5" coveredstatements="4" conditionals="0" coveredconditionals="0" methods="1" coveredmethods="0"/>
        <line num="5" count="1" type="stmt"/>
        <line num="21" count="1" type="stmt"/>
        <line num="28" count="1" type="stmt"/>
        <line num="29" count="0" type="stmt"/>
        <line num="42" count="1" type="stmt"/>
      </file>
    </metrics>
  </project>
</coverage>
