{"C:\\Users\\juan.taborda\\Documents\\FEM\\React\\react-intro\\src\\search.jsx": {"path":"C:\\Users\\juan.taborda\\Documents\\FEM\\React\\react-intro\\src\\search.jsx","statementMap":{"0":{"start":{"line":7,"column":17},"end":{"line":12,"column":1}},"1":{"start":{"line":20,"column":8},"end":{"line":20,"column":58}},"2":{"start":{"line":24,"column":8},"end":{"line":26,"column":62}},"3":{"start":{"line":29,"column":8},"end":{"line":50,"column":10}},"4":{"start":{"line":43,"column":28},"end":{"line":43,"column":71}},"5":{"start":{"line":46,"column":28},"end":{"line":46,"column":70}}},"fnMap":{"0":{"name":"(anonymous_0)","decl":{"start":{"line":19,"column":29},"end":{"line":19,"column":30}},"loc":{"start":{"line":19,"column":38},"end":{"line":21,"column":5}},"line":19},"1":{"name":"(anonymous_1)","decl":{"start":{"line":23,"column":39},"end":{"line":23,"column":40}},"loc":{"start":{"line":24,"column":8},"end":{"line":26,"column":62}},"line":24},"2":{"name":"(anonymous_2)","decl":{"start":{"line":28,"column":4},"end":{"line":28,"column":5}},"loc":{"start":{"line":28,"column":13},"end":{"line":51,"column":5}},"line":28},"3":{"name":"(anonymous_3)","decl":{"start":{"line":42,"column":32},"end":{"line":42,"column":33}},"loc":{"start":{"line":43,"column":28},"end":{"line":43,"column":71}},"line":43},"4":{"name":"(anonymous_4)","decl":{"start":{"line":45,"column":29},"end":{"line":45,"column":30}},"loc":{"start":{"line":46,"column":28},"end":{"line":46,"column":70}},"line":46}},"branchMap":{},"s":{"0":1,"1":1,"2":60,"3":4,"4":60,"5":47},"f":{"0":1,"1":60,"2":4,"3":60,"4":47},"b":{},"_coverageSchema":"332fd63041d2c1bcb487cc26dd0d5f7d97098a6c","hash":"a26cdbe8875d3592fac952ff72e8b2a509bbdacf"}
,"C:\\Users\\juan.taborda\\Documents\\FEM\\React\\react-intro\\src\\show-card.jsx": {"path":"C:\\Users\\juan.taborda\\Documents\\FEM\\React\\react-intro\\src\\show-card.jsx","statementMap":{"0":{"start":{"line":5,"column":16},"end":{"line":19,"column":1}},"1":{"start":{"line":21,"column":14},"end":{"line":26,"column":1}},"2":{"start":{"line":28,"column":17},"end":{"line":40,"column":1}},"3":{"start":{"line":29,"column":4},"end":{"line":39,"column":14}},"4":{"start":{"line":42,"column":0},"end":{"line":49,"column":2}}},"fnMap":{"0":{"name":"(anonymous_0)","decl":{"start":{"line":28,"column":17},"end":{"line":28,"column":18}},"loc":{"start":{"line":29,"column":4},"end":{"line":39,"column":14}},"line":29}},"branchMap":{},"s":{"0":1,"1":1,"2":1,"3":0,"4":1},"f":{"0":0},"b":{},"_coverageSchema":"332fd63041d2c1bcb487cc26dd0d5f7d97098a6c","hash":"0a08bba9b3b9c8e29aa66a49b7ca04b496cb389e"}
}
