TN:
SF:C:\Users\juan.taborda\Documents\FEM\React\react-intro\src\search.jsx
FN:19,(anonymous_0)
FN:23,(anonymous_1)
FN:28,(anonymous_2)
FN:42,(anonymous_3)
FN:45,(anonymous_4)
FNF:5
FNH:5
FNDA:1,(anonymous_0)
FNDA:60,(anonymous_1)
FNDA:4,(anonymous_2)
FNDA:60,(anonymous_3)
FNDA:47,(anonymous_4)
DA:7,1
DA:20,1
DA:24,60
DA:29,4
DA:43,60
DA:46,47
LF:6
LH:6
BRF:0
BRH:0
end_of_record
TN:
SF:C:\Users\juan.taborda\Documents\FEM\React\react-intro\src\show-card.jsx
FN:28,(anonymous_0)
FNF:1
FNH:0
FNDA:0,(anonymous_0)
DA:5,1
DA:21,1
DA:28,1
DA:29,0
DA:42,1
LF:5
LH:4
BRF:0
BRH:0
end_of_record
